#
# There is insufficient memory for the Java Runtime Environment to continue.
# Native memory allocation (malloc) failed to allocate 526656 bytes for Chunk::new
# Possible reasons:
#   The system is out of physical RAM or swap space
#   In 32 bit mode, the process size limit was hit
# Possible solutions:
#   Reduce memory load on the system
#   Increase physical memory or swap space
#   Check if swap backing store is full
#   Use 64 bit Java on a 64 bit OS
#   Decrease Java heap size (-Xmx/-Xms)
#   Decrease number of Java threads
#   Decrease Java thread stack sizes (-Xss)
#   Set larger code cache with -XX:ReservedCodeCacheSize=
# This output file may be truncated or incomplete.
#
#  Out of Memory Error (allocation.cpp:390), pid=7388, tid=0x0000000000000aec
#
# JRE version: Java(TM) SE Runtime Environment (8.0_121-b13) (build 1.8.0_121-b13)
# Java VM: Java HotSpot(TM) 64-Bit Server VM (25.121-b13 mixed mode windows-amd64 compressed oops)
# Failed to write core dump. Minidumps are not enabled by default on client versions of Windows
#

---------------  T H R E A D  ---------------

Current thread (0x000000001bdc6000):  JavaThread "C2 CompilerThread2" daemon [_thread_in_native, id=2796, stack(0x000000001c880000,0x000000001c980000)]

Stack: [0x000000001c880000,0x000000001c980000]
[error occurred during error reporting (printing stack bounds), id 0xc0000005]

Native frames: (J=compiled Java code, j=interpreted, Vv=VM code, C=native code)


Current CompileTask:
C2:   1902  469   !   4       com.sun.tools.javac.parser.JavaTokenizer::readToken (2243 bytes)


---------------  P R O C E S S  ---------------

Java Threads: ( => current thread )
  0x000000001be60000 JavaThread "Service Thread" daemon [_thread_blocked, id=3104, stack(0x000000001ca80000,0x000000001cb80000)]
  0x000000001bdca000 JavaThread "C1 CompilerThread3" daemon [_thread_blocked, id=12116, stack(0x000000001c980000,0x000000001ca80000)]
=>0x000000001bdc6000 JavaThread "C2 CompilerThread2" daemon [_thread_in_native, id=2796, stack(0x000000001c880000,0x000000001c980000)]
  0x000000001bdbf000 JavaThread "C2 CompilerThread1" daemon [_thread_blocked, id=11188, stack(0x000000001c780000,0x000000001c880000)]
  0x000000001bdbb800 JavaThread "C2 CompilerThread0" daemon [_thread_blocked, id=12012, stack(0x000000001c680000,0x000000001c780000)]
  0x000000001bdba000 JavaThread "Attach Listener" daemon [_thread_blocked, id=14272, stack(0x000000001c580000,0x000000001c680000)]
  0x000000001bdb9000 JavaThread "Signal Dispatcher" daemon [_thread_blocked, id=14936, stack(0x000000001c480000,0x000000001c580000)]
  0x000000001bdb0800 JavaThread "Finalizer" daemon [_thread_blocked, id=8724, stack(0x000000001c190000,0x000000001c290000)]
  0x0000000004ea9000 JavaThread "Reference Handler" daemon [_thread_blocked, id=16324, stack(0x000000001bc90000,0x000000001bd90000)]
  0x0000000004db2800 JavaThread "main" [_thread_blocked, id=4224, stack(0x0000000004c80000,0x0000000004d80000)]

Other Threads:
  0x0000000019e89800 VMThread [stack: 0x000000001bb90000,0x000000001bc90000] [id=5824]
  0x000000001be92800 WatcherThread [stack: 0x000000001cb80000,0x000000001cc80000] [id=7364]

VM state:not at safepoint (normal execution)

VM Mutex/Monitor currently owned by a thread: None

Heap:
 PSYoungGen      total 6656K, used 3910K [0x00000000d6100000, 0x00000000d6a00000, 0x0000000100000000)
  eden space 5632K, 51% used [0x00000000d6100000,0x00000000d63d52e8,0x00000000d6680000)
  from space 1024K, 98% used [0x00000000d6800000,0x00000000d68fc5f0,0x00000000d6900000)
  to   space 1536K, 0% used [0x00000000d6680000,0x00000000d6680000,0x00000000d6800000)
 ParOldGen       total 5632K, used 1115K [0x0000000082200000, 0x0000000082780000, 0x00000000d6100000)
  object space 5632K, 19% used [0x0000000082200000,0x0000000082316da0,0x0000000082780000)
 Metaspace       used 7504K, capacity 8308K, committed 8448K, reserved 1056768K
  class space    used 909K, capacity 944K, committed 1024K, reserved 1048576K

Card table byte_map: [0x0000000014330000,0x0000000014720000] byte_map_base: 0x0000000013f1f000

Marking Bits: (ParMarkBitMap*) 0x000000005cebb6d0
 Begin Bits: [0x00000000151c0000, 0x0000000017138000)
 End Bits:   [0x0000000017138000, 0x00000000190b0000)

Polling page: 0x0000000004d80000

CodeCache: size=245760Kb used=2717Kb max_used=2729Kb free=243042Kb
 bounds [0x0000000004f70000, 0x0000000005220000, 0x0000000013f70000]
 total_blobs=769 nmethods=484 adapters=198
 compilation: enabled

Compilation events (10 events):
Event: 1.777 Thread 0x000000001bdca000  479       3       java.io.File::hashCode (8 bytes)
Event: 1.777 Thread 0x000000001bdca000 nmethod 479 0x0000000005212790 code [0x0000000005212920, 0x0000000005212c78]
Event: 1.777 Thread 0x000000001bdca000  480       3       java.io.WinNTFileSystem::hashCode (17 bytes)
Event: 1.777 Thread 0x000000001bdca000 nmethod 480 0x0000000005212dd0 code [0x0000000005212f40, 0x0000000005213238]
Event: 1.777 Thread 0x000000001bdca000  445       1       com.sun.tools.javac.parser.JavaTokenizer$BasicComment::getStyle (5 bytes)
Event: 1.777 Thread 0x000000001bdca000 nmethod 445 0x00000000051eac10 code [0x00000000051ead60, 0x00000000051eae70]
Event: 1.777 Thread 0x000000001bdca000  476       1       com.sun.tools.javac.util.DiagnosticSource::getFile (5 bytes)
Event: 1.778 Thread 0x000000001bdca000 nmethod 476 0x0000000005213350 code [0x00000000052134a0, 0x00000000052135b0]
Event: 1.791 Thread 0x000000001bdbb800 nmethod 477% 0x000000000521a910 code [0x000000000521aaa0, 0x000000000521b678]
Event: 1.792 Thread 0x000000001bdbf000 nmethod 468 0x0000000005214bd0 code [0x0000000005214ea0, 0x0000000005215d68]

GC Heap History (10 events):
Event: 0.633 GC heap before
{Heap before GC invocations=2 (full 0):
 PSYoungGen      total 2048K, used 2032K [0x00000000d6100000, 0x00000000d6380000, 0x0000000100000000)
  eden space 1536K, 100% used [0x00000000d6100000,0x00000000d6280000,0x00000000d6280000)
  from space 512K, 96% used [0x00000000d6280000,0x00000000d62fc010,0x00000000d6300000)
  to   space 512K, 0% used [0x00000000d6300000,0x00000000d6300000,0x00000000d6380000)
 ParOldGen       total 5632K, used 85K [0x0000000082200000, 0x0000000082780000, 0x00000000d6100000)
  object space 5632K, 1% used [0x0000000082200000,0x0000000082215660,0x0000000082780000)
 Metaspace       used 4192K, capacity 5390K, committed 5760K, reserved 1056768K
  class space    used 502K, capacity 522K, committed 640K, reserved 1048576K
Event: 0.636 GC heap after
Heap after GC invocations=2 (full 0):
 PSYoungGen      total 2048K, used 480K [0x00000000d6100000, 0x00000000d6500000, 0x0000000100000000)
  eden space 1536K, 0% used [0x00000000d6100000,0x00000000d6100000,0x00000000d6280000)
  from space 512K, 93% used [0x00000000d6300000,0x00000000d6378020,0x00000000d6380000)
  to   space 512K, 0% used [0x00000000d6280000,0x00000000d6280000,0x00000000d6300000)
 ParOldGen       total 5632K, used 165K [0x0000000082200000, 0x0000000082780000, 0x00000000d6100000)
  object space 5632K, 2% used [0x0000000082200000,0x0000000082229660,0x0000000082780000)
 Metaspace       used 4192K, capacity 5390K, committed 5760K, reserved 1056768K
  class space    used 502K, capacity 522K, committed 640K, reserved 1048576K
}
Event: 0.710 GC heap before
{Heap before GC invocations=3 (full 0):
 PSYoungGen      total 2048K, used 2016K [0x00000000d6100000, 0x00000000d6500000, 0x0000000100000000)
  eden space 1536K, 100% used [0x00000000d6100000,0x00000000d6280000,0x00000000d6280000)
  from space 512K, 93% used [0x00000000d6300000,0x00000000d6378020,0x00000000d6380000)
  to   space 512K, 0% used [0x00000000d6280000,0x00000000d6280000,0x00000000d6300000)
 ParOldGen       total 5632K, used 165K [0x0000000082200000, 0x0000000082780000, 0x00000000d6100000)
  object space 5632K, 2% used [0x0000000082200000,0x0000000082229660,0x0000000082780000)
 Metaspace       used 4686K, capacity 5876K, committed 6016K, reserved 1056768K
  class space    used 579K, capacity 624K, committed 640K, reserved 1048576K
Event: 0.712 GC heap after
Heap after GC invocations=3 (full 0):
 PSYoungGen      total 2048K, used 480K [0x00000000d6100000, 0x00000000d6500000, 0x0000000100000000)
  eden space 1536K, 0% used [0x00000000d6100000,0x00000000d6100000,0x00000000d6280000)
  from space 512K, 93% used [0x00000000d6280000,0x00000000d62f8020,0x00000000d6300000)
  to   space 512K, 0% used [0x00000000d6480000,0x00000000d6480000,0x00000000d6500000)
 ParOldGen       total 5632K, used 629K [0x0000000082200000, 0x0000000082780000, 0x00000000d6100000)
  object space 5632K, 11% used [0x0000000082200000,0x000000008229d680,0x0000000082780000)
 Metaspace       used 4686K, capacity 5876K, committed 6016K, reserved 1056768K
  class space    used 579K, capacity 624K, committed 640K, reserved 1048576K
}
Event: 0.766 GC heap before
{Heap before GC invocations=4 (full 0):
 PSYoungGen      total 2048K, used 1927K [0x00000000d6100000, 0x00000000d6500000, 0x0000000100000000)
  eden space 1536K, 94% used [0x00000000d6100000,0x00000000d6269bf8,0x00000000d6280000)
  from space 512K, 93% used [0x00000000d6280000,0x00000000d62f8020,0x00000000d6300000)
  to   space 512K, 0% used [0x00000000d6480000,0x00000000d6480000,0x00000000d6500000)
 ParOldGen       total 5632K, used 629K [0x0000000082200000, 0x0000000082780000, 0x00000000d6100000)
  object space 5632K, 11% used [0x0000000082200000,0x000000008229d680,0x0000000082780000)
 Metaspace       used 5145K, capacity 6260K, committed 6400K, reserved 1056768K
  class space    used 638K, capacity 688K, committed 768K, reserved 1048576K
Event: 0.767 GC heap after
Heap after GC invocations=4 (full 0):
 PSYoungGen      total 3584K, used 495K [0x00000000d6100000, 0x00000000d6500000, 0x0000000100000000)
  eden space 3072K, 0% used [0x00000000d6100000,0x00000000d6100000,0x00000000d6400000)
  from space 512K, 96% used [0x00000000d6480000,0x00000000d64fbc20,0x00000000d6500000)
  to   space 512K, 0% used [0x00000000d6400000,0x00000000d6400000,0x00000000d6480000)
 ParOldGen       total 5632K, used 701K [0x0000000082200000, 0x0000000082780000, 0x00000000d6100000)
  object space 5632K, 12% used [0x0000000082200000,0x00000000822af680,0x0000000082780000)
 Metaspace       used 5145K, capacity 6260K, committed 6400K, reserved 1056768K
  class space    used 638K, capacity 688K, committed 768K, reserved 1048576K
}
Event: 0.891 GC heap before
{Heap before GC invocations=5 (full 0):
 PSYoungGen      total 3584K, used 3567K [0x00000000d6100000, 0x00000000d6500000, 0x0000000100000000)
  eden space 3072K, 100% used [0x00000000d6100000,0x00000000d6400000,0x00000000d6400000)
  from space 512K, 96% used [0x00000000d6480000,0x00000000d64fbc20,0x00000000d6500000)
  to   space 512K, 0% used [0x00000000d6400000,0x00000000d6400000,0x00000000d6480000)
 ParOldGen       total 5632K, used 701K [0x0000000082200000, 0x0000000082780000, 0x00000000d6100000)
  object space 5632K, 12% used [0x0000000082200000,0x00000000822af680,0x0000000082780000)
 Metaspace       used 6270K, capacity 7348K, committed 7552K, reserved 1056768K
  class space    used 790K, capacity 816K, committed 896K, reserved 1048576K
Event: 0.892 GC heap after
Heap after GC invocations=5 (full 0):
 PSYoungGen      total 3584K, used 496K [0x00000000d6100000, 0x00000000d6900000, 0x0000000100000000)
  eden space 3072K, 0% used [0x00000000d6100000,0x00000000d6100000,0x00000000d6400000)
  from space 512K, 96% used [0x00000000d6400000,0x00000000d647c010,0x00000000d6480000)
  to   space 1024K, 0% used [0x00000000d6800000,0x00000000d6800000,0x00000000d6900000)
 ParOldGen       total 5632K, used 1035K [0x0000000082200000, 0x0000000082780000, 0x00000000d6100000)
  object space 5632K, 18% used [0x0000000082200000,0x0000000082302da0,0x0000000082780000)
 Metaspace       used 6270K, capacity 7348K, committed 7552K, reserved 1056768K
  class space    used 790K, capacity 816K, committed 896K, reserved 1048576K
}
Event: 1.471 GC heap before
{Heap before GC invocations=6 (full 0):
 PSYoungGen      total 3584K, used 3568K [0x00000000d6100000, 0x00000000d6900000, 0x0000000100000000)
  eden space 3072K, 100% used [0x00000000d6100000,0x00000000d6400000,0x00000000d6400000)
  from space 512K, 96% used [0x00000000d6400000,0x00000000d647c010,0x00000000d6480000)
  to   space 1024K, 0% used [0x00000000d6800000,0x00000000d6800000,0x00000000d6900000)
 ParOldGen       total 5632K, used 1035K [0x0000000082200000, 0x0000000082780000, 0x00000000d6100000)
  object space 5632K, 18% used [0x0000000082200000,0x0000000082302da0,0x0000000082780000)
 Metaspace       used 7328K, capacity 8212K, committed 8448K, reserved 1056768K
  class space    used 890K, capacity 912K, committed 1024K, reserved 1048576K
Event: 1.475 GC heap after
Heap after GC invocations=6 (full 0):
 PSYoungGen      total 6656K, used 1009K [0x00000000d6100000, 0x00000000d6a00000, 0x0000000100000000)
  eden space 5632K, 0% used [0x00000000d6100000,0x00000000d6100000,0x00000000d6680000)
  from space 1024K, 98% used [0x00000000d6800000,0x00000000d68fc5f0,0x00000000d6900000)
  to   space 1536K, 0% used [0x00000000d6680000,0x00000000d6680000,0x00000000d6800000)
 ParOldGen       total 5632K, used 1115K [0x0000000082200000, 0x0000000082780000, 0x00000000d6100000)
  object space 5632K, 19% used [0x0000000082200000,0x0000000082316da0,0x0000000082780000)
 Metaspace       used 7328K, capacity 8212K, committed 8448K, reserved 1056768K
  class space    used 890K, capacity 912K, committed 1024K, reserved 1048576K
}

Deoptimization events (8 events):
Event: 0.868 Thread 0x0000000004db2800 Uncommon trap: reason=null_check action=make_not_entrant pc=0x00000000050f7078 method=java.lang.String.equals(Ljava/lang/Object;)Z @ 8
Event: 0.944 Thread 0x0000000004db2800 Uncommon trap: reason=unstable_if action=reinterpret pc=0x00000000050e8904 method=java.lang.String.replace(CC)Ljava/lang/String; @ 26
Event: 0.948 Thread 0x0000000004db2800 Uncommon trap: reason=class_check action=maybe_recompile pc=0x00000000051140b4 method=sun.misc.URLClassPath.getLoader(I)Lsun/misc/URLClassPath$Loader; @ 94
Event: 1.243 Thread 0x0000000004db2800 Uncommon trap: reason=unstable_if action=reinterpret pc=0x0000000005131438 method=java.lang.String.<init>([CII)V @ 18
Event: 1.243 Thread 0x0000000004db2800 Uncommon trap: reason=unstable_if action=reinterpret pc=0x000000000515b518 method=com.sun.tools.javac.parser.UnicodeReader.scanChar()V @ 37
Event: 1.243 Thread 0x0000000004db2800 Uncommon trap: reason=unstable_if action=reinterpret pc=0x000000000515dfd4 method=com.sun.tools.javac.parser.UnicodeReader.scanChar()V @ 37
Event: 1.244 Thread 0x0000000004db2800 Uncommon trap: reason=unstable_if action=reinterpret pc=0x000000000513d188 method=com.sun.tools.javac.parser.UnicodeReader.scanChar()V @ 37
Event: 1.735 Thread 0x0000000004db2800 Uncommon trap: reason=unstable_if action=reinterpret pc=0x00000000051a79d0 method=com.sun.tools.javac.parser.JavaTokenizer.readToken()Lcom/sun/tools/javac/parser/Tokens$Token; @ 961

Internal exceptions (10 events):
Event: 0.059 Thread 0x0000000004db2800 Exception <a 'java/lang/NoSuchMethodError': Method sun.misc.Unsafe.defineClass(Ljava/lang/String;[BII)Ljava/lang/Class; name or signature does not match> (0x00000000d6107cd8) thrown at [C:\re\workspace\8-2-build-windows-amd64-cygwin\jdk8u121\8372\hotspot\
Event: 0.059 Thread 0x0000000004db2800 Exception <a 'java/lang/NoSuchMethodError': Method sun.misc.Unsafe.prefetchRead(Ljava/lang/Object;J)V name or signature does not match> (0x00000000d6107fc0) thrown at [C:\re\workspace\8-2-build-windows-amd64-cygwin\jdk8u121\8372\hotspot\src\share\vm\prims
Event: 0.558 Thread 0x0000000004db2800 Exception <a 'java/security/PrivilegedActionException'> (0x00000000d627a7b8) thrown at [C:\re\workspace\8-2-build-windows-amd64-cygwin\jdk8u121\8372\hotspot\src\share\vm\prims\jvm.cpp, line 1390]
Event: 0.558 Thread 0x0000000004db2800 Exception <a 'java/security/PrivilegedActionException'> (0x00000000d627abb0) thrown at [C:\re\workspace\8-2-build-windows-amd64-cygwin\jdk8u121\8372\hotspot\src\share\vm\prims\jvm.cpp, line 1390]
Event: 0.560 Thread 0x0000000004db2800 Exception <a 'java/security/PrivilegedActionException'> (0x00000000d627eca8) thrown at [C:\re\workspace\8-2-build-windows-amd64-cygwin\jdk8u121\8372\hotspot\src\share\vm\prims\jvm.cpp, line 1390]
Event: 0.560 Thread 0x0000000004db2800 Exception <a 'java/security/PrivilegedActionException'> (0x00000000d627f0a0) thrown at [C:\re\workspace\8-2-build-windows-amd64-cygwin\jdk8u121\8372\hotspot\src\share\vm\prims\jvm.cpp, line 1390]
Event: 0.572 Thread 0x0000000004db2800 Exception <a 'java/security/PrivilegedActionException'> (0x00000000d6107758) thrown at [C:\re\workspace\8-2-build-windows-amd64-cygwin\jdk8u121\8372\hotspot\src\share\vm\prims\jvm.cpp, line 1390]
Event: 0.572 Thread 0x0000000004db2800 Exception <a 'java/security/PrivilegedActionException'> (0x00000000d6134718) thrown at [C:\re\workspace\8-2-build-windows-amd64-cygwin\jdk8u121\8372\hotspot\src\share\vm\prims\jvm.cpp, line 1390]
Event: 0.868 Thread 0x0000000004db2800 Implicit null exception at 0x00000000050f6ea2 to 0x00000000050f7069
Event: 1.775 Thread 0x0000000004db2800 Exception <a 'java/lang/OutOfMemoryError'> (0x00000000d6363a58) thrown at [C:\re\workspace\8-2-build-windows-amd64-cygwin\jdk8u121\8372\hotspot\src\share\vm\prims\jni.cpp, line 735]

Events (10 events):
Event: 1.780 loading class java/util/Locale$1 done
Event: 1.780 loading class java/text/FieldPosition
Event: 1.780 loading class java/text/FieldPosition done
Event: 1.781 loading class com/sun/tools/javac/util/Log$WriterKind
Event: 1.781 loading class com/sun/tools/javac/util/Log$WriterKind done
Event: 1.781 loading class com/sun/tools/javac/util/Log$2
Event: 1.781 loading class com/sun/tools/javac/util/Log$2 done
Event: 1.781 loading class com/sun/tools/javac/util/JCDiagnostic$DiagnosticType
Event: 1.781 loading class com/sun/tools/javac/util/JCDiagnostic$DiagnosticType done
Event: 1.782 loading class java/lang/Throwable$WrappedPrintWriter


Dynamic libraries:
0x00007ff6dc240000 - 0x00007ff6dc247000 	C:\Program Files\Java\jdk1.8.0_121\bin\javac.exe
0x00007ffe367e0000 - 0x00007ffe369c0000 	C:\WINDOWS\SYSTEM32\ntdll.dll
0x00007ffe33e10000 - 0x00007ffe33ebe000 	C:\WINDOWS\System32\KERNEL32.DLL
0x00007ffe33600000 - 0x00007ffe33866000 	C:\WINDOWS\System32\KERNELBASE.dll
0x000000005c0a0000 - 0x000000005c0cf000 	C:\Program Files\Java\jdk1.8.0_121\bin\jli.dll
0x000000005c0d0000 - 0x000000005c1a2000 	C:\Program Files\Java\jdk1.8.0_121\bin\MSVCR100.dll
0x00007ffe35be0000 - 0x00007ffe35c81000 	C:\WINDOWS\System32\ADVAPI32.dll
0x00007ffe362c0000 - 0x00007ffe3635d000 	C:\WINDOWS\System32\msvcrt.dll
0x00007ffe360c0000 - 0x00007ffe3611b000 	C:\WINDOWS\System32\sechost.dll
0x00007ffe33fd0000 - 0x00007ffe340ef000 	C:\WINDOWS\System32\RPCRT4.dll
0x00007ffe355c0000 - 0x00007ffe3574f000 	C:\WINDOWS\System32\USER32.dll
0x00007ffe33a90000 - 0x00007ffe33ab0000 	C:\WINDOWS\System32\win32u.dll
0x00007ffe262c0000 - 0x00007ffe26529000 	C:\WINDOWS\WinSxS\amd64_microsoft.windows.common-controls_6595b64144ccf1df_6.0.16299.371_none_15c7d1789365a290\COMCTL32.dll
0x00007ffe36120000 - 0x00007ffe36148000 	C:\WINDOWS\System32\GDI32.dll
0x00007ffe35c90000 - 0x00007ffe35f98000 	C:\WINDOWS\System32\combase.dll
0x00007ffe33870000 - 0x00007ffe33a03000 	C:\WINDOWS\System32\gdi32full.dll
0x00007ffe33ab0000 - 0x00007ffe33ba6000 	C:\WINDOWS\System32\ucrtbase.dll
0x00007ffe32e10000 - 0x00007ffe32eab000 	C:\WINDOWS\System32\msvcp_win.dll
0x00007ffe33a10000 - 0x00007ffe33a82000 	C:\WINDOWS\System32\bcryptPrimitives.dll
0x00007ffe35590000 - 0x00007ffe355bd000 	C:\WINDOWS\System32\IMM32.DLL
0x000000005d710000 - 0x000000005d7e2000 	C:\Program Files\Java\jdk1.8.0_121\jre\bin\msvcr100.dll
0x000000005c6a0000 - 0x000000005cf3b000 	C:\Program Files\Java\jdk1.8.0_121\jre\bin\server\jvm.dll
0x00007ffe362b0000 - 0x00007ffe362b8000 	C:\WINDOWS\System32\PSAPI.DLL
0x00007ffe31a40000 - 0x00007ffe31a49000 	C:\WINDOWS\SYSTEM32\WSOCK32.dll
0x00007ffe358f0000 - 0x00007ffe3595c000 	C:\WINDOWS\System32\WS2_32.dll
0x00007ffe287c0000 - 0x00007ffe287e3000 	C:\WINDOWS\SYSTEM32\WINMM.dll
0x00007ffe280f0000 - 0x00007ffe280fa000 	C:\WINDOWS\SYSTEM32\VERSION.dll
0x00007ffe28790000 - 0x00007ffe287ba000 	C:\WINDOWS\SYSTEM32\WINMMBASE.dll
0x00007ffe33bb0000 - 0x00007ffe33bfa000 	C:\WINDOWS\System32\cfgmgr32.dll
0x000000005d6c0000 - 0x000000005d6cf000 	C:\Program Files\Java\jdk1.8.0_121\jre\bin\verify.dll
0x000000005d690000 - 0x000000005d6b9000 	C:\Program Files\Java\jdk1.8.0_121\jre\bin\java.dll
0x000000005d670000 - 0x000000005d686000 	C:\Program Files\Java\jdk1.8.0_121\jre\bin\zip.dll
0x00007ffe34150000 - 0x00007ffe35586000 	C:\WINDOWS\System32\SHELL32.dll
0x00007ffe35ad0000 - 0x00007ffe35b76000 	C:\WINDOWS\System32\shcore.dll
0x00007ffe32eb0000 - 0x00007ffe335f7000 	C:\WINDOWS\System32\windows.storage.dll
0x00007ffe340f0000 - 0x00007ffe34141000 	C:\WINDOWS\System32\shlwapi.dll
0x00007ffe32b70000 - 0x00007ffe32b81000 	C:\WINDOWS\System32\kernel.appcore.dll
0x00007ffe32b90000 - 0x00007ffe32bdc000 	C:\WINDOWS\System32\powrprof.dll
0x00007ffe32b50000 - 0x00007ffe32b6b000 	C:\WINDOWS\System32\profapi.dll

VM Arguments:
jvm_args: -Dapplication.home=C:\Program Files\Java\jdk1.8.0_121 -Xms8m 
java_command: com.sun.tools.javac.Main -d C:\Users\Minoj\Documents\NetBeansProjects\ChatR_Client\build\classes -classpath C:\Users\Minoj\Documents\NetBeansProjects\ChatR_Client\build\classes -sourcepath C:\Users\Minoj\Documents\NetBeansProjects\ChatR_Client\build\empty -target 1.8 -encoding UTF-8 -g -processorpath C:\Users\Minoj\Documents\NetBeansProjects\ChatR_Client\build\empty -s C:\Users\Minoj\Documents\NetBeansProjects\ChatR_Client\build\generated-sources\ap-source-output -source 1.8 @C:\Users\Minoj\AppData\Local\Temp\files4932357742813431171
java_class_path (initial): C:\Program Files\Java\jdk1.8.0_121/lib/tools.jar;C:\Program Files\Java\jdk1.8.0_121/classes
Launcher Type: SUN_STANDARD

Environment Variables:
USERNAME=Minoj
OS=Windows_NT
PROCESSOR_IDENTIFIER=Intel64 Family 6 Model 94 Stepping 3, GenuineIntel



---------------  S Y S T E M  ---------------

OS: Windows 10.0 , 64 bit Build 16299 (10.0.16299.15)

CPU:total 8 (4 cores per cpu, 2 threads per core) family 6 model 94 stepping 3, cmov, cx8, fxsr, mmx, sse, sse2, sse3, ssse3, sse4.1, sse4.2, popcnt, avx, avx2, aes, clmul, erms, rtm, 3dnowpref, lzcnt, ht, tsc, tscinvbit, bmi1, bmi2, adx

Memory: 4k page, physical 8246024k(1048040k free), swap 11391752k(1692k free)

vm_info: Java HotSpot(TM) 64-Bit Server VM (25.121-b13) for windows-amd64 JRE (1.8.0_121-b13), built on Dec 12 2016 18:21:36 by "java_re" with MS VC++ 10.0 (VS2010)

time: Wed Apr 18 19:56:07 2018
elapsed time: 2 seconds (0d 0h 0m 2s)

