#
# There is insufficient memory for the Java Runtime Environment to continue.
# Native memory allocation (malloc) failed to allocate 1048576 bytes for AllocateHeap
# Possible reasons:
#   The system is out of physical RAM or swap space
#   In 32 bit mode, the process size limit was hit
# Possible solutions:
#   Reduce memory load on the system
#   Increase physical memory or swap space
#   Check if swap backing store is full
#   Use 64 bit Java on a 64 bit OS
#   Decrease Java heap size (-Xmx/-Xms)
#   Decrease number of Java threads
#   Decrease Java thread stack sizes (-Xss)
#   Set larger code cache with -XX:ReservedCodeCacheSize=
# This output file may be truncated or incomplete.
#
#  Out of Memory Error (memory/allocation.inline.hpp:61), pid=14856, tid=0x000000000000339c
#
# JRE version:  (8.0_121-b13) (build )
# Java VM: Java HotSpot(TM) 64-Bit Server VM (25.121-b13 mixed mode windows-amd64 compressed oops)
# Failed to write core dump. Minidumps are not enabled by default on client versions of Windows
#

---------------  T H R E A D  ---------------

Current thread (0x0000000004f5e000):  JavaThread "Unknown thread" [_thread_in_vm, id=13212, stack(0x0000000004f60000,0x0000000005060000)]

Stack: [0x0000000004f60000,0x0000000005060000]
[error occurred during error reporting (printing stack bounds), id 0xc0000005]

Native frames: (J=compiled Java code, j=interpreted, Vv=VM code, C=native code)


---------------  P R O C E S S  ---------------

Java Threads: ( => current thread )

Other Threads:

=>0x0000000004f5e000 (exited) JavaThread "Unknown thread" [_thread_in_vm, id=13212, stack(0x0000000004f60000,0x0000000005060000)]

VM state:not at safepoint (normal execution)

VM Mutex/Monitor currently owned by a thread: None

Heap:
 PSYoungGen      total 37888K, used 655K [0x00000000d6100000, 0x00000000d8b00000, 0x0000000100000000)
  eden space 32768K, 2% used [0x00000000d6100000,0x00000000d61a3d80,0x00000000d8100000)
  from space 5120K, 0% used [0x00000000d8600000,0x00000000d8600000,0x00000000d8b00000)
  to   space 5120K, 0% used [0x00000000d8100000,0x00000000d8100000,0x00000000d8600000)
 ParOldGen       total 86016K, used 0K [0x0000000082200000, 0x0000000087600000, 0x00000000d6100000)
  object space 86016K, 0% used [0x0000000082200000,0x0000000082200000,0x0000000087600000)
 Metaspace       used 770K, capacity 4480K, committed 4480K, reserved 1056768K
  class space    used 75K, capacity 384K, committed 384K, reserved 1048576K

Card table byte_map: [0x0000000014520000,0x0000000014910000] byte_map_base: 0x000000001410f000

Marking Bits: (ParMarkBitMap*) 0x000000005cebb6d0
 Begin Bits: [0x00000000153b0000, 0x0000000017328000)
 End Bits:   [0x0000000017328000, 0x00000000192a0000)

Polling page: 0x0000000004e30000

CodeCache: size=245760Kb used=328Kb max_used=328Kb free=245431Kb
 bounds [0x0000000005160000, 0x00000000053d0000, 0x0000000014160000]
 total_blobs=58 nmethods=0 adapters=38
 compilation: enabled

Compilation events (0 events):
No events

GC Heap History (0 events):
No events

Deoptimization events (0 events):
No events

Internal exceptions (0 events):
No events

Events (10 events):
Event: 0.035 loading class java/lang/Short
Event: 0.035 loading class java/lang/Short done
Event: 0.035 loading class java/lang/Integer
Event: 0.035 loading class java/lang/Integer done
Event: 0.035 loading class java/lang/Long
Event: 0.035 loading class java/lang/Long done
Event: 0.036 loading class java/lang/NullPointerException
Event: 0.036 loading class java/lang/NullPointerException done
Event: 0.036 loading class java/lang/ArithmeticException
Event: 0.036 loading class java/lang/ArithmeticException done


Dynamic libraries:
0x00007ff75a5c0000 - 0x00007ff75a5f7000 	C:\Program Files\Java\jdk1.8.0_121\jre\bin\java.exe
0x00007ffe367e0000 - 0x00007ffe369c0000 	C:\WINDOWS\SYSTEM32\ntdll.dll
0x00007ffe33e10000 - 0x00007ffe33ebe000 	C:\WINDOWS\System32\KERNEL32.DLL
0x00007ffe33600000 - 0x00007ffe33866000 	C:\WINDOWS\System32\KERNELBASE.dll
0x00007ffe35be0000 - 0x00007ffe35c81000 	C:\WINDOWS\System32\ADVAPI32.dll
0x00007ffe362c0000 - 0x00007ffe3635d000 	C:\WINDOWS\System32\msvcrt.dll
0x00007ffe360c0000 - 0x00007ffe3611b000 	C:\WINDOWS\System32\sechost.dll
0x00007ffe33fd0000 - 0x00007ffe340ef000 	C:\WINDOWS\System32\RPCRT4.dll
0x00007ffe355c0000 - 0x00007ffe3574f000 	C:\WINDOWS\System32\USER32.dll
0x00007ffe33a90000 - 0x00007ffe33ab0000 	C:\WINDOWS\System32\win32u.dll
0x00007ffe36120000 - 0x00007ffe36148000 	C:\WINDOWS\System32\GDI32.dll
0x00007ffe33870000 - 0x00007ffe33a03000 	C:\WINDOWS\System32\gdi32full.dll
0x00007ffe32e10000 - 0x00007ffe32eab000 	C:\WINDOWS\System32\msvcp_win.dll
0x00007ffe33ab0000 - 0x00007ffe33ba6000 	C:\WINDOWS\System32\ucrtbase.dll
0x00007ffe262c0000 - 0x00007ffe26529000 	C:\WINDOWS\WinSxS\amd64_microsoft.windows.common-controls_6595b64144ccf1df_6.0.16299.371_none_15c7d1789365a290\COMCTL32.dll
0x00007ffe35c90000 - 0x00007ffe35f98000 	C:\WINDOWS\System32\combase.dll
0x00007ffe33a10000 - 0x00007ffe33a82000 	C:\WINDOWS\System32\bcryptPrimitives.dll
0x00007ffe35590000 - 0x00007ffe355bd000 	C:\WINDOWS\System32\IMM32.DLL
0x000000005d710000 - 0x000000005d7e2000 	C:\Program Files\Java\jdk1.8.0_121\jre\bin\msvcr100.dll
0x000000005c6a0000 - 0x000000005cf3b000 	C:\Program Files\Java\jdk1.8.0_121\jre\bin\server\jvm.dll
0x00007ffe362b0000 - 0x00007ffe362b8000 	C:\WINDOWS\System32\PSAPI.DLL
0x00007ffe280f0000 - 0x00007ffe280fa000 	C:\WINDOWS\SYSTEM32\VERSION.dll
0x00007ffe31a40000 - 0x00007ffe31a49000 	C:\WINDOWS\SYSTEM32\WSOCK32.dll
0x00007ffe287c0000 - 0x00007ffe287e3000 	C:\WINDOWS\SYSTEM32\WINMM.dll
0x00007ffe358f0000 - 0x00007ffe3595c000 	C:\WINDOWS\System32\WS2_32.dll
0x00007ffe28790000 - 0x00007ffe287ba000 	C:\WINDOWS\SYSTEM32\WINMMBASE.dll
0x00007ffe33bb0000 - 0x00007ffe33bfa000 	C:\WINDOWS\System32\cfgmgr32.dll
0x000000005d6c0000 - 0x000000005d6cf000 	C:\Program Files\Java\jdk1.8.0_121\jre\bin\verify.dll
0x000000005d690000 - 0x000000005d6b9000 	C:\Program Files\Java\jdk1.8.0_121\jre\bin\java.dll
0x000000005d670000 - 0x000000005d686000 	C:\Program Files\Java\jdk1.8.0_121\jre\bin\zip.dll

VM Arguments:
jvm_args: -Dfile.encoding=UTF-8 
java_command: chatr_client.LoginGUI
java_class_path (initial): C:\Users\Minoj\Documents\NetBeansProjects\ChatR_Client\build\classes
Launcher Type: SUN_STANDARD

Environment Variables:
USERNAME=Minoj
OS=Windows_NT
PROCESSOR_IDENTIFIER=Intel64 Family 6 Model 94 Stepping 3, GenuineIntel



---------------  S Y S T E M  ---------------

OS: Windows 10.0 , 64 bit Build 16299 (10.0.16299.15)

CPU:total 8 (4 cores per cpu, 2 threads per core) family 6 model 94 stepping 3, cmov, cx8, fxsr, mmx, sse, sse2, sse3, ssse3, sse4.1, sse4.2, popcnt, avx, avx2, aes, clmul, erms, rtm, 3dnowpref, lzcnt, ht, tsc, tscinvbit, bmi1, bmi2, adx

Memory: 4k page, physical 8246024k(1163452k free), swap 11391752k(5828k free)

vm_info: Java HotSpot(TM) 64-Bit Server VM (25.121-b13) for windows-amd64 JRE (1.8.0_121-b13), built on Dec 12 2016 18:21:36 by "java_re" with MS VC++ 10.0 (VS2010)

time: Wed Apr 18 19:55:55 2018
elapsed time: 0 seconds (0d 0h 0m 0s)

